<?xml version="1.0" encoding="UTF-8"?>
<!-- Generated by org.testng.reporters.JUnitReportReporter -->
<testsuite hostname="360LP048" name="com.edureka.searchFunctionality.SearchBasedOnTrainingType" tests="1" failures="0" timestamp="22 Oct 2016 06:56:40 GMT" time="124.131" errors="0">
  <testcase name="test_004SearchBasedOnTrainingType" time="124.131" classname="com.edureka.searchFunctionality.SearchBasedOnTrainingType"/>
</testsuite> <!-- com.edureka.searchFunctionality.SearchBasedOnTrainingType -->
