<?xml version="1.0" encoding="UTF-8"?>
<!-- Generated by org.testng.reporters.JUnitReportReporter -->
<testsuite hostname="360LP048" name="com.edureka.registration.VerifySubjectLineOfVerification" tests="4" failures="0" timestamp="20 Sep 2016 13:54:14 GMT" time="109.896" errors="0">
  <testcase name="test_029VerifyNewPasswordShouldNotBeLessThan8Characters" time="2.228" classname="com.edureka.registration.VerifySubjectLineOfVerification"/>
  <testcase name="test_027VerifyErrorMsgForIncorrectVeirficationCode" time="3.853" classname="com.edureka.registration.VerifySubjectLineOfVerification"/>
  <testcase name="test_026VerifyCorrectVerificationCode" time="27.646" classname="com.edureka.registration.VerifySubjectLineOfVerification"/>
  <testcase name="test_025VerifySubjectLineOfVerification" time="76.169" classname="com.edureka.registration.VerifySubjectLineOfVerification"/>
</testsuite> <!-- com.edureka.registration.VerifySubjectLineOfVerification -->
