<?xml version="1.0" encoding="UTF-8"?>
<!-- Generated by org.testng.reporters.JUnitReportReporter -->
<testsuite hostname="360LP042" name="com.edureka.registration.VerifyLoginWithCorrectEmailAndCorrectPassword" tests="1" failures="0" timestamp="26 Jul 2016 11:43:15 GMT" time="24.758" errors="0">
  <testcase name="test_012VerifyLoginWithCorrectEmailAndCorrectPassword" time="24.758" classname="com.edureka.registration.VerifyLoginWithCorrectEmailAndCorrectPassword"/>
</testsuite> <!-- com.edureka.registration.VerifyLoginWithCorrectEmailAndCorrectPassword -->
