<?xml version="1.0" encoding="UTF-8"?>
<!-- Generated by org.testng.reporters.JUnitReportReporter -->
<testsuite hostname="360LP040" name="com.edureka.scripts.VerifyLoginWithCorrectEmailAndCorrectPassword" tests="1" failures="0" timestamp="11 Jul 2016 10:59:34 GMT" time="43.869" errors="0">
  <testcase name="test_012VerifyLoginWithCorrectEmailAndCorrectPassword" time="43.869" classname="com.edureka.scripts.VerifyLoginWithCorrectEmailAndCorrectPassword"/>
</testsuite> <!-- com.edureka.scripts.VerifyLoginWithCorrectEmailAndCorrectPassword -->
