<?xml version="1.0" encoding="UTF-8"?>
<!-- Generated by org.testng.reporters.JUnitReportReporter -->
<testsuite hostname="360LP048" name="com.edureka.referralProcess.IfNoneOfOfferPresentExceptCustomerDiscount" tests="1" failures="0" timestamp="21 Oct 2016 08:14:41 GMT" time="254.169" errors="0">
  <testcase name="test_001VerifyRefferringFlow" time="254.169" classname="com.edureka.referralProcess.IfNoneOfOfferPresentExceptCustomerDiscount"/>
</testsuite> <!-- com.edureka.referralProcess.IfNoneOfOfferPresentExceptCustomerDiscount -->
