<?xml version="1.0" encoding="UTF-8"?>
<!-- Generated by org.testng.reporters.JUnitReportReporter -->
<testsuite hostname="360LP048" name="com.edureka.referralProcess.VerifyReferralPopupWindow" tests="1" failures="0" timestamp="21 Oct 2016 10:27:23 GMT" time="213.525" errors="0">
  <testcase name="test_006VerifyReferralPopupWindow" time="213.525" classname="com.edureka.referralProcess.VerifyReferralPopupWindow"/>
</testsuite> <!-- com.edureka.referralProcess.VerifyReferralPopupWindow -->
