<?xml version="1.0" encoding="UTF-8"?>
<!-- Generated by org.testng.reporters.JUnitReportReporter -->
<testsuite hostname="360LP048" name="com.edureka.leadProcess.SingupFromEnrollInListView" tests="2" failures="0" timestamp="16 Sep 2016 06:22:02 GMT" time="348.169" errors="0">
  <testcase name="test_017SignInFromEnrollInListView" time="101.508" classname="com.edureka.leadProcess.SingupFromEnrollInListView"/>
  <testcase name="test_008SingupFromEnrollInListView" time="246.661" classname="com.edureka.leadProcess.SingupFromEnrollInListView"/>
</testsuite> <!-- com.edureka.leadProcess.SingupFromEnrollInListView -->
