<?xml version="1.0" encoding="UTF-8"?>
<!-- Generated by org.testng.reporters.JUnitReportReporter -->
<testsuite hostname="BrajR" name="com.edureka.scripts.VerifySignUpFromClassRecording" tests="1" failures="0" timestamp="13 Jun 2016 16:23:42 GMT" time="55.357" errors="0">
  <testcase name="test_03VerifySignUpFromClassRecording" time="55.357" classname="com.edureka.scripts.VerifySignUpFromClassRecording"/>
</testsuite> <!-- com.edureka.scripts.VerifySignUpFromClassRecording -->
