<?xml version="1.0" encoding="UTF-8"?>
<!-- Generated by org.testng.reporters.JUnitReportReporter -->
<testsuite hostname="360LP048" name="com.edureka.referralProcess.ValidateUserCPurchaseCourseThenUserBGetPointNotA" tests="1" failures="0" timestamp="21 Oct 2016 09:54:35 GMT" time="354.684" errors="0">
  <testcase name="test_027ValidateUserCPurchaseCourseThenUserBGetPointNotA" time="354.684" classname="com.edureka.referralProcess.ValidateUserCPurchaseCourseThenUserBGetPointNotA"/>
</testsuite> <!-- com.edureka.referralProcess.ValidateUserCPurchaseCourseThenUserBGetPointNotA -->
