<?xml version="1.0" encoding="UTF-8"?>
<!-- Generated by org.testng.reporters.JUnitReportReporter -->
<testsuite hostname="360LP048" name="com.edureka.registration.VerifySignUpFromNavigationHeader" tests="2" failures="0" timestamp="19 Sep 2016 14:33:20 GMT" time="29.675" errors="0">
  <testcase name="test_01VerifySignUpFromNavigationHeader" time="19.788" classname="com.edureka.registration.VerifySignUpFromNavigationHeader"/>
  <testcase name="test_35SignUpDisabledWhenNoDataIsEntered" time="9.887" classname="com.edureka.registration.VerifySignUpFromNavigationHeader"/>
</testsuite> <!-- com.edureka.registration.VerifySignUpFromNavigationHeader -->
