<?xml version="1.0" encoding="UTF-8"?>
<!-- Generated by org.testng.reporters.JUnitReportReporter -->
<testsuite hostname="360LP048" name="com.edureka.leadProcess.SignInFromAddToWishlistOnAnyCourseLandingPage" tests="1" failures="0" timestamp="16 Sep 2016 08:35:18 GMT" time="1529.148" errors="0">
  <testcase name="test_012SignInFromAddToWishlistOnAnyCourseLandingPage" time="1529.148" classname="com.edureka.leadProcess.SignInFromAddToWishlistOnAnyCourseLandingPage"/>
</testsuite> <!-- com.edureka.leadProcess.SignInFromAddToWishlistOnAnyCourseLandingPage -->
