<?xml version="1.0" encoding="UTF-8"?>
<!-- Generated by org.testng.reporters.JUnitReportReporter -->
<testsuite hostname="360LP048" name="com.edureka.leadProcess.VerifySignupFromAddToWishlistOnAnyCourseLandingPage" tests="1" failures="0" timestamp="19 Sep 2016 09:33:21 GMT" time="104.542" errors="1">
  <testcase name="test_003VerifySignupFromAddToWishlistOnAnyCourseLandingPage" time="104.542" classname="com.edureka.leadProcess.VerifySignupFromAddToWishlistOnAnyCourseLandingPage">
    <error type="java.lang.NullPointerException">
      <![CDATA[java.lang.NullPointerException
	at com.edureka.util.Database.getRecord(Database.java:67)
	at com.edureka.pages.DatabaseVerifications.dataVerificationInUserTable(DatabaseVerifications.java:33)
	at com.edureka.pages.SelectedCoursePage.dataVerificationInUserTable(SelectedCoursePage.java:230)
	at com.edureka.leadProcess.VerifySignupFromAddToWishlistOnAnyCourseLandingPage.test_003VerifySignupFromAddToWishlistOnAnyCourseLandingPage(VerifySignupFromAddToWishlistOnAnyCourseLandingPage.java:64)
	at sun.reflect.NativeMethodAccessorImpl.invoke0(Native Method)
	at sun.reflect.NativeMethodAccessorImpl.invoke(NativeMethodAccessorImpl.java:62)
	at sun.reflect.DelegatingMethodAccessorImpl.invoke(DelegatingMethodAccessorImpl.java:43)
	at java.lang.reflect.Method.invoke(Method.java:498)
	at org.testng.internal.MethodInvocationHelper.invokeMethod(MethodInvocationHelper.java:85)
	at org.testng.internal.Invoker.invokeMethod(Invoker.java:639)
	at org.testng.internal.Invoker.invokeTestMethod(Invoker.java:821)
	at org.testng.internal.Invoker.invokeTestMethods(Invoker.java:1131)
	at org.testng.internal.TestMethodWorker.invokeTestMethods(TestMethodWorker.java:124)
	at org.testng.internal.TestMethodWorker.run(TestMethodWorker.java:108)
	at org.testng.TestRunner.privateRun(TestRunner.java:773)
	at org.testng.TestRunner.run(TestRunner.java:623)
	at org.testng.SuiteRunner.runTest(SuiteRunner.java:357)
	at org.testng.SuiteRunner.runSequentially(SuiteRunner.java:352)
	at org.testng.SuiteRunner.privateRun(SuiteRunner.java:310)
	at org.testng.SuiteRunner.run(SuiteRunner.java:259)
	at org.testng.SuiteRunnerWorker.runSuite(SuiteRunnerWorker.java:52)
	at org.testng.SuiteRunnerWorker.run(SuiteRunnerWorker.java:86)
	at org.testng.TestNG.runSuitesSequentially(TestNG.java:1185)
	at org.testng.TestNG.runSuitesLocally(TestNG.java:1110)
	at org.testng.TestNG.run(TestNG.java:1018)
	at org.testng.TestNG.privateMain(TestNG.java:1325)
	at org.testng.TestNG.main(TestNG.java:1294)
]]>
    </error>
  </testcase> <!-- test_003VerifySignupFromAddToWishlistOnAnyCourseLandingPage -->
</testsuite> <!-- com.edureka.leadProcess.VerifySignupFromAddToWishlistOnAnyCourseLandingPage -->
