<?xml version="1.0" encoding="UTF-8"?>
<!-- Generated by org.testng.reporters.JUnitReportReporter -->
<testsuite hostname="360LP048" name="com.edureka.offerFramework.OfferCodeForCorporate" tests="1" failures="0" timestamp="12 Sep 2016 10:19:34 GMT" time="190.722" errors="0">
  <testcase name="test_006OfferCodeForCorporate" time="190.722" classname="com.edureka.offerFramework.OfferCodeForCorporate"/>
</testsuite> <!-- com.edureka.offerFramework.OfferCodeForCorporate -->
