<?xml version="1.0" encoding="UTF-8"?>
<!-- Generated by org.testng.reporters.JUnitReportReporter -->
<testsuite hostname="BrajR" name="com.edureka.scripts.VerifySignUpFromEnrollNow" tests="1" failures="0" timestamp="13 Jun 2016 16:23:42 GMT" time="41.715" errors="0">
  <testcase name="test_02VerifySignUpFromEnrollNow" time="41.715" classname="com.edureka.scripts.VerifySignUpFromEnrollNow"/>
</testsuite> <!-- com.edureka.scripts.VerifySignUpFromEnrollNow -->
