<?xml version="1.0" encoding="UTF-8"?>
<!-- Generated by org.testng.reporters.JUnitReportReporter -->
<testsuite hostname="360LP042" name="com.edureka.registration.VerifyUserNotAbleToSignupIfMandatoryFieldIsEmpty" tests="5" failures="0" timestamp="26 Jul 2016 11:43:15 GMT" time="70.837" errors="0">
  <testcase name="test_009VerifyClickingTCRedirectTermsAndConditionsPage" time="3.361" classname="com.edureka.registration.VerifyUserNotAbleToSignupIfMandatoryFieldIsEmpty"/>
  <testcase name="test_002VerifyUserNotAbleToSignupIfMandatoryFieldISEmpty" time="19.305" classname="com.edureka.registration.VerifyUserNotAbleToSignupIfMandatoryFieldIsEmpty"/>
  <testcase name="test_008VerifyClickingOnShowTextPasswordBecomeUnmasked" time="22.000" classname="com.edureka.registration.VerifyUserNotAbleToSignupIfMandatoryFieldIsEmpty"/>
  <testcase name="test_04VerifyUserNotAbleTOSignupEnteredPasswordIsLessThan8Characters" time="13.287" classname="com.edureka.registration.VerifyUserNotAbleToSignupIfMandatoryFieldIsEmpty"/>
  <testcase name="test_03VerifyUserNotAbleTOSignupEnteredEmailIsIncorrect" time="12.884" classname="com.edureka.registration.VerifyUserNotAbleToSignupIfMandatoryFieldIsEmpty"/>
</testsuite> <!-- com.edureka.registration.VerifyUserNotAbleToSignupIfMandatoryFieldIsEmpty -->
