<?xml version="1.0" encoding="UTF-8"?>
<!-- Generated by org.testng.reporters.JUnitReportReporter -->
<testsuite hostname="360LP048" name="com.edureka.notification.VerifyWebNotificationFunationality" tests="1" failures="0" timestamp="12 Sep 2016 13:44:33 GMT" time="293.886" errors="0">
  <testcase name="test_001VerifyWebNotificationFunationality" time="293.886" classname="com.edureka.notification.VerifyWebNotificationFunationality"/>
</testsuite> <!-- com.edureka.notification.VerifyWebNotificationFunationality -->
