<?xml version="1.0" encoding="UTF-8"?>
<!-- Generated by org.testng.reporters.JUnitReportReporter -->
<testsuite hostname="360LP048" name="com.edureka.paymentProcess.MakePaymentThroughRazorPay" tests="1" failures="0" timestamp="9 Sep 2016 08:22:36 GMT" time="241.404" errors="0">
  <testcase name="test_006MakePaymentThroughRazorPay" time="241.404" classname="com.edureka.paymentProcess.MakePaymentThroughRazorPay"/>
</testsuite> <!-- com.edureka.paymentProcess.MakePaymentThroughRazorPay -->
