<?xml version="1.0" encoding="UTF-8"?>
<!-- Generated by org.testng.reporters.JUnitReportReporter -->
<testsuite hostname="360LP048" name="com.edureka.registration.VerifyUserAbleToSuccessfullyChangeThePassword" tests="2" failures="0" timestamp="19 Sep 2016 14:35:10 GMT" time="49.497" errors="0">
  <testcase name="test_019VerifyUserAbleToSuccessfullyChangeThePassword" time="23.097" classname="com.edureka.registration.VerifyUserAbleToSuccessfullyChangeThePassword"/>
  <testcase name="test_20VerifyErrorForWrongExistingPasswordAndCorrectNewPassword" time="26.400" classname="com.edureka.registration.VerifyUserAbleToSuccessfullyChangeThePassword"/>
</testsuite> <!-- com.edureka.registration.VerifyUserAbleToSuccessfullyChangeThePassword -->
