<?xml version="1.0" encoding="UTF-8"?>
<!-- Generated by org.testng.reporters.JUnitReportReporter -->
<testsuite hostname="360LP048" name="com.edureka.others.CourseOrderingOnAllCoursesPages" tests="1" failures="0" timestamp="1 Sep 2016 14:48:28 GMT" time="39.555" errors="0">
  <testcase name="test_005CourseOrderingOnAllCoursesPages" time="39.555" classname="com.edureka.others.CourseOrderingOnAllCoursesPages"/>
</testsuite> <!-- com.edureka.others.CourseOrderingOnAllCoursesPages -->
