<?xml version="1.0" encoding="UTF-8"?>
<!-- Generated by org.testng.reporters.JUnitReportReporter -->
<testsuite hostname="360LP040" name="com.edureka.scripts.ValidationOnForgotPasswordLinkWhenEmailInBlank" tests="2" failures="0" timestamp="11 Jul 2016 15:14:49 GMT" time="34.592" errors="0">
  <testcase name="test_023ValidationOnForgotPasswordLinkWhenEmailNotRegistered" time="19.594" classname="com.edureka.scripts.ValidationOnForgotPasswordLinkWhenEmailInBlank"/>
  <testcase name="test_022ValidationOnForgotPasswordLinkWhenEmailIsBlank" time="14.998" classname="com.edureka.scripts.ValidationOnForgotPasswordLinkWhenEmailInBlank"/>
</testsuite> <!-- com.edureka.scripts.ValidationOnForgotPasswordLinkWhenEmailInBlank -->
