<?xml version="1.0" encoding="UTF-8"?>
<!-- Generated by org.testng.reporters.JUnitReportReporter -->
<testsuite hostname="360LP048" name="com.edureka.searchFunctionality.SearchAnythingWithLogin" tests="1" failures="0" timestamp="22 Oct 2016 06:56:40 GMT" time="111.701" errors="0">
  <testcase name="test_005SearchAnythingWithLogin" time="111.701" classname="com.edureka.searchFunctionality.SearchAnythingWithLogin"/>
</testsuite> <!-- com.edureka.searchFunctionality.SearchAnythingWithLogin -->
