<?xml version="1.0" encoding="UTF-8"?>
<!-- Generated by org.testng.reporters.JUnitReportReporter -->
<testsuite hostname="360LP048" name="com.edureka.referralProcess.ValidateTheImagesPresentInsideReferralTab" tests="2" failures="0" timestamp="21 Oct 2016 09:44:03 GMT" time="86.127" errors="0">
  <testcase name="test_008ValidateTheImagesPresentInsideReferralTab" time="3.684" classname="com.edureka.referralProcess.ValidateTheImagesPresentInsideReferralTab"/>
  <testcase name="test_009VerifyReferralLinkPresentOnMyProfilePage" time="82.443" classname="com.edureka.referralProcess.ValidateTheImagesPresentInsideReferralTab"/>
</testsuite> <!-- com.edureka.referralProcess.ValidateTheImagesPresentInsideReferralTab -->
