<?xml version="1.0" encoding="UTF-8"?>
<!-- Generated by org.testng.reporters.JUnitReportReporter -->
<testsuite hostname="360LP048" name="com.edureka.registration.VerifyChangePasswordWithCorrectExistingPassword" tests="1" failures="0" timestamp="20 Sep 2016 12:12:12 GMT" time="34.335" errors="0">
  <testcase name="test_20VerifyErrorForWrongExistingPasswordAndCorrectNewPassword" time="34.335" classname="com.edureka.registration.VerifyChangePasswordWithCorrectExistingPassword"/>
</testsuite> <!-- com.edureka.registration.VerifyChangePasswordWithCorrectExistingPassword -->
