<?xml version="1.0" encoding="UTF-8"?>
<!-- Generated by org.testng.reporters.JUnitReportReporter -->
<testsuite hostname="BrajR" name="com.edureka.scripts.VerifySignUpFromAddToWishlist" tests="1" failures="0" timestamp="13 Jun 2016 16:23:42 GMT" time="103.353" errors="0">
  <testcase name="test_04VerifySignUpFromAddToWishlist" time="103.353" classname="com.edureka.scripts.VerifySignUpFromAddToWishlist"/>
</testsuite> <!-- com.edureka.scripts.VerifySignUpFromAddToWishlist -->
