<?xml version="1.0" encoding="UTF-8"?>
<!-- Generated by org.testng.reporters.JUnitReportReporter -->
<testsuite hostname="360LP048" name="com.edureka.referralProcess.IfOneExistingUserRefersToAnotherExistingUser" tests="1" failures="0" timestamp="21 Oct 2016 09:10:15 GMT" time="375.367" errors="0">
  <testcase name="test_027ValidateUserCPurchaseCourseThenUserBGetPointNotA" time="375.367" classname="com.edureka.referralProcess.IfOneExistingUserRefersToAnotherExistingUser"/>
</testsuite> <!-- com.edureka.referralProcess.IfOneExistingUserRefersToAnotherExistingUser -->
