<?xml version="1.0" encoding="UTF-8"?>
<!-- Generated by org.testng.reporters.JUnitReportReporter -->
<testsuite hostname="360LP042" name="com.edureka.registration.LoginWithEmailAndWithoutPassword" tests="5" failures="0" timestamp="26 Jul 2016 11:43:15 GMT" time="91.401" errors="0">
  <testcase name="test_018LoginWithIncorrectEmailAndIncorrectPassword" time="10.474" classname="com.edureka.registration.LoginWithEmailAndWithoutPassword"/>
  <testcase name="test_017LoginWithCorrectEmailAndIncorrectPassword" time="12.544" classname="com.edureka.registration.LoginWithEmailAndWithoutPassword"/>
  <testcase name="test_015LoginWithoutEmail" time="9.330" classname="com.edureka.registration.LoginWithEmailAndWithoutPassword"/>
  <testcase name="test_014LoginWithEmailAndWithoutPassword" time="38.157" classname="com.edureka.registration.LoginWithEmailAndWithoutPassword"/>
  <testcase name="test_016LoginWithoutEmailAndWithoutPassword" time="20.896" classname="com.edureka.registration.LoginWithEmailAndWithoutPassword"/>
</testsuite> <!-- com.edureka.registration.LoginWithEmailAndWithoutPassword -->
