<?xml version="1.0" encoding="UTF-8"?>
<!-- Generated by org.testng.reporters.JUnitReportReporter -->
<testsuite hostname="360LP048" name="com.edureka.paymentProcess.CalculateAndValidatePricesOnChangeOfCurrency" tests="1" failures="0" timestamp="7 Sep 2016 09:52:59 GMT" time="103.594" errors="0">
  <testcase name="test_003CalculateAndValidatePricesOnChange" time="103.594" classname="com.edureka.paymentProcess.CalculateAndValidatePricesOnChangeOfCurrency"/>
</testsuite> <!-- com.edureka.paymentProcess.CalculateAndValidatePricesOnChangeOfCurrency -->
