<?xml version="1.0" encoding="UTF-8"?>
<!-- Generated by org.testng.reporters.JUnitReportReporter -->
<testsuite hostname="360LP048" name="com.edureka.paymentProcess.PriceCalculationInBatchTable" tests="1" failures="0" timestamp="9 Sep 2016 12:36:30 GMT" time="91.495" errors="0">
  <testcase name="test_002PriceCalculationInBatchTable" time="91.495" classname="com.edureka.paymentProcess.PriceCalculationInBatchTable"/>
</testsuite> <!-- com.edureka.paymentProcess.PriceCalculationInBatchTable -->
