<?xml version="1.0" encoding="UTF-8"?>
<!-- Generated by org.testng.reporters.JUnitReportReporter -->
<testsuite hostname="360LP048" name="com.edureka.others.VerifyCurrencyAndTimeZonePrefrences" tests="1" failures="0" timestamp="1 Sep 2016 14:01:36 GMT" time="77.170" errors="0">
  <testcase name="test_001VerifyCurrencyAndTimeZonePrefrences" time="77.170" classname="com.edureka.others.VerifyCurrencyAndTimeZonePrefrences"/>
</testsuite> <!-- com.edureka.others.VerifyCurrencyAndTimeZonePrefrences -->
