<?xml version="1.0" encoding="UTF-8"?>
<!-- Generated by org.testng.reporters.JUnitReportReporter -->
<testsuite hostname="360LP048" name="com.edureka.registration.ValidationOnForgotPasswordLinkWhenEmailInBlank" tests="5" failures="0" timestamp="20 Sep 2016 07:50:43 GMT" time="44.138" errors="0">
  <testcase name="test_022ValidationOnForgotPasswordLinkWhenEmailIsBlank" time="9.508" classname="com.edureka.registration.ValidationOnForgotPasswordLinkWhenEmailInBlank"/>
  <testcase name="test_024VerificationAndPasswordFieldShowAfterVerificationCodeSent" time="0.564" classname="com.edureka.registration.ValidationOnForgotPasswordLinkWhenEmailInBlank"/>
  <testcase name="test_023ValidationOnForgotPasswordLinkWhenEmailNotRegistered" time="20.467" classname="com.edureka.registration.ValidationOnForgotPasswordLinkWhenEmailInBlank"/>
  <testcase name="test_028VerifyResendOfVerificationCodeFunctionality" time="1.769" classname="com.edureka.registration.ValidationOnForgotPasswordLinkWhenEmailInBlank"/>
  <testcase name="test_021VerifyForgotPasswordFeatureIsWorking" time="11.830" classname="com.edureka.registration.ValidationOnForgotPasswordLinkWhenEmailInBlank"/>
</testsuite> <!-- com.edureka.registration.ValidationOnForgotPasswordLinkWhenEmailInBlank -->
