<?xml version="1.0" encoding="UTF-8"?>
<!-- Generated by org.testng.reporters.JUnitReportReporter -->
<testsuite hostname="360LP048" name="com.edureka.searchFunctionality.SearchBasedOnBatchType" tests="1" failures="0" timestamp="22 Oct 2016 10:01:13 GMT" time="63.060" errors="0">
  <testcase name="test_003SearchBasedOnBatchType" time="63.060" classname="com.edureka.searchFunctionality.SearchBasedOnBatchType"/>
</testsuite> <!-- com.edureka.searchFunctionality.SearchBasedOnBatchType -->
