<?xml version="1.0" encoding="UTF-8"?>
<!-- Generated by org.testng.reporters.JUnitReportReporter -->
<testsuite hostname="360LP048" name="com.edureka.registration.VerifyResendOfVerificationCodeFunctionality" tests="1" failures="0" timestamp="20 Sep 2016 09:05:21 GMT" time="49.369" errors="0">
  <testcase name="test_028VerifyResendOfVerificationCodeFunctionality" time="49.369" classname="com.edureka.registration.VerifyResendOfVerificationCodeFunctionality"/>
</testsuite> <!-- com.edureka.registration.VerifyResendOfVerificationCodeFunctionality -->
