<?xml version="1.0" encoding="UTF-8"?>
<!-- Generated by org.testng.reporters.JUnitReportReporter -->
<testsuite hostname="360LP040" name="com.edureka.scripts.VerifySignUpFromNavigationHeader" tests="1" failures="0" timestamp="11 Jul 2016 10:59:34 GMT" time="36.626" errors="0">
  <testcase name="test_01VerifySignUpFromNavigationHeader" time="36.626" classname="com.edureka.scripts.VerifySignUpFromNavigationHeader"/>
</testsuite> <!-- com.edureka.scripts.VerifySignUpFromNavigationHeader -->
