<?xml version="1.0" encoding="UTF-8"?>
<!-- Generated by org.testng.reporters.JUnitReportReporter -->
<testsuite hostname="360LP048" name="com.edureka.searchFunctionality.SearchBasedOnCategory" tests="1" failures="0" timestamp="22 Oct 2016 06:56:40 GMT" time="217.507" errors="0">
  <testcase name="test_001SearchBasedOnCategory" time="217.507" classname="com.edureka.searchFunctionality.SearchBasedOnCategory"/>
</testsuite> <!-- com.edureka.searchFunctionality.SearchBasedOnCategory -->
