<?xml version="1.0" encoding="UTF-8"?>
<!-- Generated by org.testng.reporters.JUnitReportReporter -->
<testsuite hostname="360LP048" name="com.edureka.referralProcess.ReferralActivities" tests="1" failures="0" timestamp="5 Sep 2016 10:16:17 GMT" time="118.397" errors="0">
  <testcase name="test_002RefferralActivities" time="118.397" classname="com.edureka.referralProcess.ReferralActivities"/>
</testsuite> <!-- com.edureka.referralProcess.ReferralActivities -->
