<?xml version="1.0" encoding="UTF-8"?>
<!-- Generated by org.testng.reporters.JUnitReportReporter -->
<testsuite hostname="360LP048" name="com.edureka.offerFramework.VerifyCouponCodeDiscount" tests="1" failures="0" timestamp="6 Oct 2016 09:34:31 GMT" time="171.711" errors="0">
  <testcase name="test_007VerifyCouponCodeDiscount" time="171.711" classname="com.edureka.offerFramework.VerifyCouponCodeDiscount"/>
</testsuite> <!-- com.edureka.offerFramework.VerifyCouponCodeDiscount -->
