<?xml version="1.0" encoding="UTF-8"?>
<!-- Generated by org.testng.reporters.JUnitReportReporter -->
<testsuite hostname="360LP040" name="com.edureka.scripts.VerifyUserNotAbleToSignUpIfEnteredPhNumberInAlphabets" tests="5" failures="0" timestamp="11 Jul 2016 10:59:34 GMT" time="80.815" errors="0">
  <testcase name="test_011VerifyCrossClosedSignupPopop" time="23.682" classname="com.edureka.scripts.VerifyUserNotAbleToSignUpIfEnteredPhNumberInAlphabets"/>
  <testcase name="test_04VerifyUserNotAbleTOSignupEnteredPasswordIsLessThan8Characters" time="24.922" classname="com.edureka.scripts.VerifyUserNotAbleToSignUpIfEnteredPhNumberInAlphabets"/>
  <testcase name="test_005VerifyUserNotAbleToSignUpIfEnteredPhNumberInAlphabets" time="4.814" classname="com.edureka.scripts.VerifyUserNotAbleToSignUpIfEnteredPhNumberInAlphabets"/>
  <testcase name="test_010VerifyClickingHyperlinkOnClickingRedirectToPrivacyPolicyPage" time="7.403" classname="com.edureka.scripts.VerifyUserNotAbleToSignUpIfEnteredPhNumberInAlphabets"/>
  <testcase name="test_007VerifyAllTextBoxesContainsrelevantPlaceholderText" time="19.994" classname="com.edureka.scripts.VerifyUserNotAbleToSignUpIfEnteredPhNumberInAlphabets"/>
</testsuite> <!-- com.edureka.scripts.VerifyUserNotAbleToSignUpIfEnteredPhNumberInAlphabets -->
