<?xml version="1.0" encoding="UTF-8"?>
<!-- Generated by org.testng.reporters.JUnitReportReporter -->
<testsuite hostname="360LP042" name="com.edureka.registration.VerifyUserNotAbleToSignUpIfEnteredPhNumberInAlphabets" tests="5" failures="0" timestamp="26 Jul 2016 11:43:15 GMT" time="66.840" errors="0">
  <testcase name="test_010VerifyClickingHyperlinkOnClickingRedirectToPrivacyPolicyPage" time="5.721" classname="com.edureka.registration.VerifyUserNotAbleToSignUpIfEnteredPhNumberInAlphabets"/>
  <testcase name="test_011VerifyCrossClosedSignupPopop" time="23.773" classname="com.edureka.registration.VerifyUserNotAbleToSignUpIfEnteredPhNumberInAlphabets"/>
  <testcase name="test_005VerifyUserNotAbleToSignUpIfEnteredPhNumberInAlphabets" time="11.453" classname="com.edureka.registration.VerifyUserNotAbleToSignUpIfEnteredPhNumberInAlphabets"/>
  <testcase name="test_04VerifyUserNotAbleTOSignupEnteredPasswordIsLessThan8Characters" time="15.707" classname="com.edureka.registration.VerifyUserNotAbleToSignUpIfEnteredPhNumberInAlphabets"/>
  <testcase name="test_007VerifyAllTextBoxesContainsrelevantPlaceholderText" time="10.186" classname="com.edureka.registration.VerifyUserNotAbleToSignUpIfEnteredPhNumberInAlphabets"/>
</testsuite> <!-- com.edureka.registration.VerifyUserNotAbleToSignUpIfEnteredPhNumberInAlphabets -->
