<?xml version="1.0" encoding="UTF-8"?>
<!-- Generated by org.testng.reporters.JUnitReportReporter -->
<testsuite hostname="360pc011" name="com.edureka.paymentProcess.ValidateAllElementsPresentOnOrderSummaryPage" tests="1" failures="0" timestamp="3 Feb 2017 06:23:19 GMT" time="69.399" errors="0">
  <testcase name="test_008ValidateAllElementsPresentOnOrderSummaryPage" time="69.399" classname="com.edureka.paymentProcess.ValidateAllElementsPresentOnOrderSummaryPage"/>
</testsuite> <!-- com.edureka.paymentProcess.ValidateAllElementsPresentOnOrderSummaryPage -->
