<?xml version="1.0" encoding="UTF-8"?>
<!-- Generated by org.testng.reporters.JUnitReportReporter -->
<testsuite hostname="360pc011" name="com.edureka.paymentProcess.CalculateAndValidatePricesOnChangeOfCurrency" tests="1" failures="0" timestamp="2 Feb 2017 13:03:36 GMT" time="62.633" errors="0">
  <testcase name="test_003CalculateAndValidatePricesOnChange" time="62.633" classname="com.edureka.paymentProcess.CalculateAndValidatePricesOnChangeOfCurrency"/>
</testsuite> <!-- com.edureka.paymentProcess.CalculateAndValidatePricesOnChangeOfCurrency -->
