<?xml version="1.0" encoding="UTF-8"?>
<!-- Generated by org.testng.reporters.JUnitReportReporter -->
<testsuite hostname="360pc011" name="com.edureka.leadProcess.CheckForInquiryFromAllCoursePage" tests="1" failures="0" timestamp="1 Feb 2017 06:33:53 GMT" time="62.961" errors="0">
  <testcase name="test_019CheckForInquiryFromAllCoursePage" time="62.961" classname="com.edureka.leadProcess.CheckForInquiryFromAllCoursePage"/>
</testsuite> <!-- com.edureka.leadProcess.CheckForInquiryFromAllCoursePage -->
