<?xml version="1.0" encoding="UTF-8"?>
<!-- Generated by org.testng.reporters.JUnitReportReporter -->
<testsuite hostname="360pc011" name="com.edureka.leadProcess.WishListInListViewAllCoursePage" tests="1" failures="0" timestamp="1 Feb 2017 06:33:53 GMT" time="55.666" errors="0">
  <testcase name="test025WishListInListViewAllCoursePage" time="55.666" classname="com.edureka.leadProcess.WishListInListViewAllCoursePage"/>
</testsuite> <!-- com.edureka.leadProcess.WishListInListViewAllCoursePage -->
