<?xml version="1.0" encoding="UTF-8"?>
<!-- Generated by org.testng.reporters.JUnitReportReporter -->
<testsuite hostname="360pc011" name="com.edureka.leadProcess.EnrollInListViewAllCoursePage" tests="2" failures="0" timestamp="1 Feb 2017 06:33:53 GMT" time="74.894" errors="0">
  <testcase name="test_027VerifyEachAndEveryElementOnOrderSummaryPage" time="0.001" classname="com.edureka.leadProcess.EnrollInListViewAllCoursePage"/>
  <testcase name="test_026EnrollInListViewAllCoursePage" time="74.893" classname="com.edureka.leadProcess.EnrollInListViewAllCoursePage"/>
</testsuite> <!-- com.edureka.leadProcess.EnrollInListViewAllCoursePage -->
