<?xml version="1.0" encoding="UTF-8"?>
<!-- Generated by org.testng.reporters.JUnitReportReporter -->
<testsuite hostname="360pc011" name="com.edureka.leadProcess.VerifySignInLeadProcessNavigationHeader" tests="1" failures="0" timestamp="1 Feb 2017 06:33:53 GMT" time="169.716" errors="0">
  <testcase name="test_010VerifySignInLeadProcessNavigationHeader" time="169.716" classname="com.edureka.leadProcess.VerifySignInLeadProcessNavigationHeader"/>
</testsuite> <!-- com.edureka.leadProcess.VerifySignInLeadProcessNavigationHeader -->
