<?xml version="1.0" encoding="UTF-8"?>
<!-- Generated by org.testng.reporters.JUnitReportReporter -->
<testsuite hostname="360pc011" name="com.edureka.leadProcess.VerifySignupFromEnrollOnAnyCourse" tests="1" failures="0" timestamp="1 Feb 2017 06:33:53 GMT" time="133.882" errors="0">
  <testcase name="test_005VerifySignupFromEnroll" time="133.882" classname="com.edureka.leadProcess.VerifySignupFromEnrollOnAnyCourse"/>
</testsuite> <!-- com.edureka.leadProcess.VerifySignupFromEnrollOnAnyCourse -->
