<?xml version="1.0" encoding="UTF-8"?>
<!-- Generated by org.testng.reporters.JUnitReportReporter -->
<testsuite hostname="360pc011" name="com.edureka.paymentProcess.BatchTableValidationOnChangeOfTimeZone_Currency" tests="1" failures="0" timestamp="2 Feb 2017 13:03:36 GMT" time="64.055" errors="0">
  <testcase name="test_001BatchTableValidationOnChangeOfTimeZone_Currency" time="64.055" classname="com.edureka.paymentProcess.BatchTableValidationOnChangeOfTimeZone_Currency"/>
</testsuite> <!-- com.edureka.paymentProcess.BatchTableValidationOnChangeOfTimeZone_Currency -->
