<?xml version="1.0" encoding="UTF-8"?>
<!-- Generated by org.testng.reporters.JUnitReportReporter -->
<testsuite hostname="360pc011" name="com.edureka.leadProcess.SignInFromAddToWishListInListViewOnAllCoursesPage" tests="1" failures="0" timestamp="1 Feb 2017 06:33:53 GMT" time="112.345" errors="0">
  <testcase name="test_015SignInFromAddToWishListInListViewOnAllCoursesPage" time="112.345" classname="com.edureka.leadProcess.SignInFromAddToWishListInListViewOnAllCoursesPage"/>
</testsuite> <!-- com.edureka.leadProcess.SignInFromAddToWishListInListViewOnAllCoursesPage -->
