<?xml version="1.0" encoding="UTF-8"?>
<!-- Generated by org.testng.reporters.JUnitReportReporter -->
<testsuite hostname="360pc011" name="com.edureka.leadProcess.VerifySignupFromAddToWishlistOnAnyCourseLandingPage" tests="1" failures="0" timestamp="1 Feb 2017 06:33:53 GMT" time="128.936" errors="0">
  <testcase name="test_003VerifySignupFromAddToWishlistOnAnyCourseLandingPage" time="128.936" classname="com.edureka.leadProcess.VerifySignupFromAddToWishlistOnAnyCourseLandingPage"/>
</testsuite> <!-- com.edureka.leadProcess.VerifySignupFromAddToWishlistOnAnyCourseLandingPage -->
