<?xml version="1.0" encoding="UTF-8"?>
<!-- Generated by org.testng.reporters.JUnitReportReporter -->
<testsuite hostname="360pc011" name="com.edureka.leadProcess.SingupFromWishListInListView" tests="1" failures="0" timestamp="1 Feb 2017 06:33:53 GMT" time="78.568" errors="0">
  <testcase name="test_006SingupFromWishListInListView" time="78.568" classname="com.edureka.leadProcess.SingupFromWishListInListView"/>
</testsuite> <!-- com.edureka.leadProcess.SingupFromWishListInListView -->
