<?xml version="1.0" encoding="UTF-8"?>
<!-- Generated by org.testng.reporters.JUnitReportReporter -->
<testsuite hostname="360pc011" name="com.edureka.paymentProcess.PriceCalculationInBatchTable" tests="1" failures="0" timestamp="2 Feb 2017 13:03:36 GMT" time="72.275" errors="0">
  <testcase name="test_002PriceCalculationInBatchTable" time="72.275" classname="com.edureka.paymentProcess.PriceCalculationInBatchTable"/>
</testsuite> <!-- com.edureka.paymentProcess.PriceCalculationInBatchTable -->
