<?xml version="1.0" encoding="UTF-8"?>
<!-- Generated by org.testng.reporters.JUnitReportReporter -->
<testsuite hostname="360pc011" name="com.edureka.paymentProcess.MakePaymentThroughRazorPay" tests="2" failures="0" timestamp="2 Feb 2017 13:03:36 GMT" time="149.118" errors="0">
  <testcase name="test_023VerifyDataAfterPostPayment" time="0.003" classname="com.edureka.paymentProcess.MakePaymentThroughRazorPay"/>
  <testcase name="test_006MakePaymentThroughRazorPay" time="149.115" classname="com.edureka.paymentProcess.MakePaymentThroughRazorPay"/>
</testsuite> <!-- com.edureka.paymentProcess.MakePaymentThroughRazorPay -->
