<?xml version="1.0" encoding="UTF-8"?>
<!-- Generated by org.testng.reporters.JUnitReportReporter -->
<testsuite hostname="360LP039" name="com.edureka.registration.VerifyUserNotAbleToSignUpIfEnteredPhNumberInAlphabets" tests="5" failures="0" timestamp="9 Jan 2017 07:37:25 GMT" time="100.687" errors="0">
  <testcase name="test_005VerifyUserNotAbleToSignUpIfEnteredPhNumberInAlphabets" time="3.812" classname="com.edureka.registration.VerifyUserNotAbleToSignUpIfEnteredPhNumberInAlphabets"/>
  <testcase name="test_06VerifyUserNotAbleTOSignupWithExisitngID" time="30.900" classname="com.edureka.registration.VerifyUserNotAbleToSignUpIfEnteredPhNumberInAlphabets"/>
  <testcase name="test_011VerifyCrossClosedSignupPopop" time="27.264" classname="com.edureka.registration.VerifyUserNotAbleToSignUpIfEnteredPhNumberInAlphabets"/>
  <testcase name="test_010VerifyClickingHyperlinkOnClickingRedirectToPrivacyPolicyPage" time="16.260" classname="com.edureka.registration.VerifyUserNotAbleToSignUpIfEnteredPhNumberInAlphabets"/>
  <testcase name="test_007VerifyAllTextBoxesContainsrelevantPlaceholderText" time="22.451" classname="com.edureka.registration.VerifyUserNotAbleToSignUpIfEnteredPhNumberInAlphabets"/>
</testsuite> <!-- com.edureka.registration.VerifyUserNotAbleToSignUpIfEnteredPhNumberInAlphabets -->
