<?xml version="1.0" encoding="UTF-8"?>
<!-- Generated by org.testng.reporters.JUnitReportReporter -->
<testsuite hostname="360pc011" name="com.edureka.leadProcess.SignupFromAllCoursesPage" tests="1" failures="0" timestamp="1 Feb 2017 06:33:53 GMT" time="75.963" errors="0">
  <testcase name="test_028SignupFromAllCoursesPage" time="75.963" classname="com.edureka.leadProcess.SignupFromAllCoursesPage"/>
</testsuite> <!-- com.edureka.leadProcess.SignupFromAllCoursesPage -->
