<?xml version="1.0" encoding="UTF-8"?>
<!-- Generated by org.testng.reporters.JUnitReportReporter -->
<testsuite hostname="360pc011" name="com.edureka.leadProcess.SignInFromAddToWishlistOnAnyCourseLandingPage" tests="1" failures="0" timestamp="1 Feb 2017 06:33:53 GMT" time="80.329" errors="0">
  <testcase name="test_012SignInFromAddToWishlistOnAnyCourseLandingPage" time="80.329" classname="com.edureka.leadProcess.SignInFromAddToWishlistOnAnyCourseLandingPage"/>
</testsuite> <!-- com.edureka.leadProcess.SignInFromAddToWishlistOnAnyCourseLandingPage -->
